<?xml version="1.0" encoding="UTF-8"?>
<testng-results skipped="0" failed="0" ignored="0" total="1" passed="1">
  <reporter-output>
  </reporter-output>
  <suite name="Default suite" duration-ms="8639" started-at="2020-03-06T13:41:32Z" finished-at="2020-03-06T13:41:41Z">
    <groups>
    </groups>
    <test name="Default test" duration-ms="8639" started-at="2020-03-06T13:41:32Z" finished-at="2020-03-06T13:41:41Z">
      <class name="com.test.LoginTest">
        <test-method status="PASS" signature="intialization()[pri:0, instance:com.test.LoginTest@7d9d1a19]" name="intialization" is-config="true" duration-ms="7927" started-at="2020-03-06T13:41:32Z" finished-at="2020-03-06T13:41:40Z">
          <reporter-output>
          </reporter-output>
        </test-method> <!-- intialization -->
        <test-method status="PASS" signature="checkErrorMessage1()[pri:2, instance:com.test.LoginTest@7d9d1a19]" name="checkErrorMessage1" duration-ms="665" started-at="2020-03-06T13:41:40Z" finished-at="2020-03-06T13:41:41Z">
          <reporter-output>
          </reporter-output>
        </test-method> <!-- checkErrorMessage1 -->
        <test-method status="PASS" signature="closeBrowser()[pri:0, instance:com.test.LoginTest@7d9d1a19]" name="closeBrowser" is-config="true" duration-ms="0" started-at="2020-03-06T13:41:41Z" finished-at="2020-03-06T13:41:41Z">
          <reporter-output>
          </reporter-output>
        </test-method> <!-- closeBrowser -->
      </class> <!-- com.test.LoginTest -->
    </test> <!-- Default test -->
  </suite> <!-- Default suite -->
</testng-results>
